running egg_info
writing ../build/final_robot_pkg/final_robot_pkg.egg-info/PKG-INFO
writing dependency_links to ../build/final_robot_pkg/final_robot_pkg.egg-info/dependency_links.txt
writing entry points to ../build/final_robot_pkg/final_robot_pkg.egg-info/entry_points.txt
writing requirements to ../build/final_robot_pkg/final_robot_pkg.egg-info/requires.txt
writing top-level names to ../build/final_robot_pkg/final_robot_pkg.egg-info/top_level.txt
reading manifest file '../build/final_robot_pkg/final_robot_pkg.egg-info/SOURCES.txt'
writing manifest file '../build/final_robot_pkg/final_robot_pkg.egg-info/SOURCES.txt'
running build
running build_py
running install
running install_lib
running install_data
running install_egg_info
removing '/home/ubuntu/ros2final_ws/install/final_robot_pkg/lib/python3.10/site-packages/final_robot_pkg-0.0.0-py3.10.egg-info' (and everything under it)
Copying ../build/final_robot_pkg/final_robot_pkg.egg-info to /home/ubuntu/ros2final_ws/install/final_robot_pkg/lib/python3.10/site-packages/final_robot_pkg-0.0.0-py3.10.egg-info
running install_scripts
Installing fsmnode script to /home/ubuntu/ros2final_ws/install/final_robot_pkg/lib/final_robot_pkg
Installing ionode script to /home/ubuntu/ros2final_ws/install/final_robot_pkg/lib/final_robot_pkg
Installing movenode script to /home/ubuntu/ros2final_ws/install/final_robot_pkg/lib/final_robot_pkg
Installing ttsnode script to /home/ubuntu/ros2final_ws/install/final_robot_pkg/lib/final_robot_pkg
writing list of installed files to '/home/ubuntu/ros2final_ws/build/final_robot_pkg/install.log'
