[3.019s] Invoking command in '/home/ubuntu/ros2final_ws/final_robot_pkg': PYTHONPATH=/home/ubuntu/ros2final_ws/build/final_robot_pkg/prefix_override:/usr/lib/python3/dist-packages/colcon_core/task/python/colcon_distutils_commands:/home/ubuntu/ros2final_ws/install/final_robot_pkg/lib/python3.10/site-packages:${PYTHONPATH} /usr/bin/python3 -W ignore:setup.py install is deprecated setup.py egg_info --egg-base ../build/final_robot_pkg build --build-base /home/ubuntu/ros2final_ws/build/final_robot_pkg/build install --record /home/ubuntu/ros2final_ws/build/final_robot_pkg/install.log --single-version-externally-managed install_data
[4.170s] running egg_info
[4.173s] writing ../build/final_robot_pkg/final_robot_pkg.egg-info/PKG-INFO
[4.173s] writing dependency_links to ../build/final_robot_pkg/final_robot_pkg.egg-info/dependency_links.txt
[4.175s] writing entry points to ../build/final_robot_pkg/final_robot_pkg.egg-info/entry_points.txt
[4.175s] writing requirements to ../build/final_robot_pkg/final_robot_pkg.egg-info/requires.txt
[4.176s] writing top-level names to ../build/final_robot_pkg/final_robot_pkg.egg-info/top_level.txt
[4.184s] reading manifest file '../build/final_robot_pkg/final_robot_pkg.egg-info/SOURCES.txt'
[4.188s] writing manifest file '../build/final_robot_pkg/final_robot_pkg.egg-info/SOURCES.txt'
[4.189s] running build
[4.189s] running build_py
[4.192s] running install
[4.193s] running install_lib
[4.200s] running install_data
[4.200s] running install_egg_info
[4.207s] removing '/home/ubuntu/ros2final_ws/install/final_robot_pkg/lib/python3.10/site-packages/final_robot_pkg-0.0.0-py3.10.egg-info' (and everything under it)
[4.209s] Copying ../build/final_robot_pkg/final_robot_pkg.egg-info to /home/ubuntu/ros2final_ws/install/final_robot_pkg/lib/python3.10/site-packages/final_robot_pkg-0.0.0-py3.10.egg-info
[4.214s] running install_scripts
[4.289s] Installing fsmnode script to /home/ubuntu/ros2final_ws/install/final_robot_pkg/lib/final_robot_pkg
[4.290s] Installing ionode script to /home/ubuntu/ros2final_ws/install/final_robot_pkg/lib/final_robot_pkg
[4.291s] Installing movenode script to /home/ubuntu/ros2final_ws/install/final_robot_pkg/lib/final_robot_pkg
[4.292s] Installing ttsnode script to /home/ubuntu/ros2final_ws/install/final_robot_pkg/lib/final_robot_pkg
[4.294s] writing list of installed files to '/home/ubuntu/ros2final_ws/build/final_robot_pkg/install.log'
[4.423s] Invoked command in '/home/ubuntu/ros2final_ws/final_robot_pkg' returned '0': PYTHONPATH=/home/ubuntu/ros2final_ws/build/final_robot_pkg/prefix_override:/usr/lib/python3/dist-packages/colcon_core/task/python/colcon_distutils_commands:/home/ubuntu/ros2final_ws/install/final_robot_pkg/lib/python3.10/site-packages:${PYTHONPATH} /usr/bin/python3 -W ignore:setup.py install is deprecated setup.py egg_info --egg-base ../build/final_robot_pkg build --build-base /home/ubuntu/ros2final_ws/build/final_robot_pkg/build install --record /home/ubuntu/ros2final_ws/build/final_robot_pkg/install.log --single-version-externally-managed install_data
