[0.457s] DEBUG:colcon:Command line arguments: ['/usr/bin/colcon', 'build']
[0.457s] DEBUG:colcon:Parsed command line arguments: Namespace(log_base=None, log_level=None, verb_name='build', build_base='build', install_base='install', merge_install=False, symlink_install=False, test_result_base=None, continue_on_error=False, executor='parallel', parallel_workers=4, event_handlers=None, ignore_user_meta=False, metas=['./colcon.meta'], base_paths=['.'], packages_ignore=None, packages_ignore_regex=None, paths=None, packages_up_to=None, packages_up_to_regex=None, packages_above=None, packages_above_and_dependencies=None, packages_above_depth=None, packages_select_by_dep=None, packages_skip_by_dep=None, packages_skip_up_to=None, packages_select_build_failed=False, packages_skip_build_finished=False, packages_select_test_failures=False, packages_skip_test_passed=False, packages_select=None, packages_skip=None, packages_select_regex=None, packages_skip_regex=None, packages_start=None, packages_end=None, allow_overriding=[], cmake_args=None, cmake_target=None, cmake_target_skip_unavailable=False, cmake_clean_cache=False, cmake_clean_first=False, cmake_force_configure=False, ament_cmake_args=None, catkin_cmake_args=None, catkin_skip_building_tests=False, mixin_files=None, mixin=None, verb_parser=<colcon_mixin.mixin.mixin_argument.MixinArgumentDecorator object at 0xffff9e46c700>, verb_extension=<colcon_core.verb.build.BuildVerb object at 0xffff9e605660>, main=<bound method BuildVerb.main of <colcon_core.verb.build.BuildVerb object at 0xffff9e605660>>, mixin_verb=('build',))
[1.333s] Level 1:colcon.colcon_core.package_discovery:discover_packages(colcon_meta) check parameters
[1.334s] Level 1:colcon.colcon_core.package_discovery:discover_packages(recursive) check parameters
[1.334s] Level 1:colcon.colcon_core.package_discovery:discover_packages(ignore) check parameters
[1.334s] Level 1:colcon.colcon_core.package_discovery:discover_packages(path) check parameters
[1.334s] Level 1:colcon.colcon_core.package_discovery:discover_packages(colcon_meta) discover
[1.334s] Level 1:colcon.colcon_core.package_discovery:discover_packages(recursive) discover
[1.334s] INFO:colcon.colcon_core.package_discovery:Crawling recursively for packages in '/home/ubuntu/ros2final_ws'
[1.335s] Level 1:colcon.colcon_core.package_identification:_identify(.) by extensions ['ignore', 'ignore_ament_install']
[1.335s] Level 1:colcon.colcon_core.package_identification:_identify(.) by extension 'ignore'
[1.335s] Level 1:colcon.colcon_core.package_identification:_identify(.) by extension 'ignore_ament_install'
[1.336s] Level 1:colcon.colcon_core.package_identification:_identify(.) by extensions ['colcon_pkg']
[1.336s] Level 1:colcon.colcon_core.package_identification:_identify(.) by extension 'colcon_pkg'
[1.336s] Level 1:colcon.colcon_core.package_identification:_identify(.) by extensions ['colcon_meta']
[1.336s] Level 1:colcon.colcon_core.package_identification:_identify(.) by extension 'colcon_meta'
[1.336s] Level 1:colcon.colcon_core.package_identification:_identify(.) by extensions ['ros']
[1.336s] Level 1:colcon.colcon_core.package_identification:_identify(.) by extension 'ros'
[1.385s] Level 1:colcon.colcon_core.package_identification:_identify(.) by extensions ['cmake', 'python']
[1.385s] Level 1:colcon.colcon_core.package_identification:_identify(.) by extension 'cmake'
[1.386s] Level 1:colcon.colcon_core.package_identification:_identify(.) by extension 'python'
[1.386s] Level 1:colcon.colcon_core.package_identification:_identify(.) by extensions ['python_setup_py']
[1.386s] Level 1:colcon.colcon_core.package_identification:_identify(.) by extension 'python_setup_py'
[1.386s] Level 1:colcon.colcon_core.package_identification:_identify(build) by extensions ['ignore', 'ignore_ament_install']
[1.387s] Level 1:colcon.colcon_core.package_identification:_identify(build) by extension 'ignore'
[1.387s] Level 1:colcon.colcon_core.package_identification:_identify(build) ignored
[1.388s] Level 1:colcon.colcon_core.package_identification:_identify(final_robot_pkg) by extensions ['ignore', 'ignore_ament_install']
[1.388s] Level 1:colcon.colcon_core.package_identification:_identify(final_robot_pkg) by extension 'ignore'
[1.388s] Level 1:colcon.colcon_core.package_identification:_identify(final_robot_pkg) by extension 'ignore_ament_install'
[1.388s] Level 1:colcon.colcon_core.package_identification:_identify(final_robot_pkg) by extensions ['colcon_pkg']
[1.389s] Level 1:colcon.colcon_core.package_identification:_identify(final_robot_pkg) by extension 'colcon_pkg'
[1.389s] Level 1:colcon.colcon_core.package_identification:_identify(final_robot_pkg) by extensions ['colcon_meta']
[1.389s] Level 1:colcon.colcon_core.package_identification:_identify(final_robot_pkg) by extension 'colcon_meta'
[1.389s] Level 1:colcon.colcon_core.package_identification:_identify(final_robot_pkg) by extensions ['ros']
[1.389s] Level 1:colcon.colcon_core.package_identification:_identify(final_robot_pkg) by extension 'ros'
[1.397s] DEBUG:colcon.colcon_core.package_identification:Package 'final_robot_pkg' with type 'ros.ament_python' and name 'final_robot_pkg'
[1.398s] Level 1:colcon.colcon_core.package_identification:_identify(install) by extensions ['ignore', 'ignore_ament_install']
[1.398s] Level 1:colcon.colcon_core.package_identification:_identify(install) by extension 'ignore'
[1.399s] Level 1:colcon.colcon_core.package_identification:_identify(install) ignored
[1.399s] Level 1:colcon.colcon_core.package_identification:_identify(log) by extensions ['ignore', 'ignore_ament_install']
[1.399s] Level 1:colcon.colcon_core.package_identification:_identify(log) by extension 'ignore'
[1.400s] Level 1:colcon.colcon_core.package_identification:_identify(log) ignored
[1.400s] Level 1:colcon.colcon_core.package_discovery:discover_packages(recursive) using defaults
[1.400s] Level 1:colcon.colcon_core.package_discovery:discover_packages(ignore) discover
[1.400s] Level 1:colcon.colcon_core.package_discovery:discover_packages(ignore) using defaults
[1.400s] Level 1:colcon.colcon_core.package_discovery:discover_packages(path) discover
[1.400s] Level 1:colcon.colcon_core.package_discovery:discover_packages(path) using defaults
[1.510s] Level 1:colcon.colcon_core.package_discovery:discover_packages(prefix_path) check parameters
[1.510s] Level 1:colcon.colcon_core.package_discovery:discover_packages(prefix_path) discover
[1.517s] DEBUG:colcon.colcon_installed_package_information.package_discovery:Found 1 installed packages in /home/ubuntu/ros2final_ws/install
[1.528s] DEBUG:colcon.colcon_installed_package_information.package_discovery:Found 336 installed packages in /opt/ros/humble
[1.536s] Level 1:colcon.colcon_core.package_discovery:discover_packages(prefix_path) using defaults
[1.718s] Level 5:colcon.colcon_core.verb:set package 'final_robot_pkg' build argument 'cmake_args' from command line to 'None'
[1.718s] Level 5:colcon.colcon_core.verb:set package 'final_robot_pkg' build argument 'cmake_target' from command line to 'None'
[1.719s] Level 5:colcon.colcon_core.verb:set package 'final_robot_pkg' build argument 'cmake_target_skip_unavailable' from command line to 'False'
[1.719s] Level 5:colcon.colcon_core.verb:set package 'final_robot_pkg' build argument 'cmake_clean_cache' from command line to 'False'
[1.719s] Level 5:colcon.colcon_core.verb:set package 'final_robot_pkg' build argument 'cmake_clean_first' from command line to 'False'
[1.719s] Level 5:colcon.colcon_core.verb:set package 'final_robot_pkg' build argument 'cmake_force_configure' from command line to 'False'
[1.719s] Level 5:colcon.colcon_core.verb:set package 'final_robot_pkg' build argument 'ament_cmake_args' from command line to 'None'
[1.719s] Level 5:colcon.colcon_core.verb:set package 'final_robot_pkg' build argument 'catkin_cmake_args' from command line to 'None'
[1.719s] Level 5:colcon.colcon_core.verb:set package 'final_robot_pkg' build argument 'catkin_skip_building_tests' from command line to 'False'
[1.719s] DEBUG:colcon.colcon_core.verb:Building package 'final_robot_pkg' with the following arguments: {'ament_cmake_args': None, 'build_base': '/home/ubuntu/ros2final_ws/build/final_robot_pkg', 'catkin_cmake_args': None, 'catkin_skip_building_tests': False, 'cmake_args': None, 'cmake_clean_cache': False, 'cmake_clean_first': False, 'cmake_force_configure': False, 'cmake_target': None, 'cmake_target_skip_unavailable': False, 'install_base': '/home/ubuntu/ros2final_ws/install/final_robot_pkg', 'merge_install': False, 'path': '/home/ubuntu/ros2final_ws/final_robot_pkg', 'symlink_install': False, 'test_result_base': None}
[1.720s] INFO:colcon.colcon_core.executor:Executing jobs using 'parallel' executor
[1.723s] DEBUG:colcon.colcon_parallel_executor.executor.parallel:run_until_complete
[1.724s] INFO:colcon.colcon_ros.task.ament_python.build:Building ROS package in '/home/ubuntu/ros2final_ws/final_robot_pkg' with build type 'ament_python'
[1.724s] Level 1:colcon.colcon_core.shell:create_environment_hook('final_robot_pkg', 'ament_prefix_path')
[1.733s] INFO:colcon.colcon_core.plugin_system:Skipping extension 'colcon_core.shell.bat': Not used on non-Windows systems
[1.734s] INFO:colcon.colcon_core.shell:Creating environment hook '/home/ubuntu/ros2final_ws/install/final_robot_pkg/share/final_robot_pkg/hook/ament_prefix_path.ps1'
[1.736s] INFO:colcon.colcon_core.shell:Creating environment descriptor '/home/ubuntu/ros2final_ws/install/final_robot_pkg/share/final_robot_pkg/hook/ament_prefix_path.dsv'
[1.739s] INFO:colcon.colcon_core.shell:Creating environment hook '/home/ubuntu/ros2final_ws/install/final_robot_pkg/share/final_robot_pkg/hook/ament_prefix_path.sh'
[1.742s] INFO:colcon.colcon_core.shell:Skip shell extension 'powershell' for command environment: Not usable outside of PowerShell
[1.742s] DEBUG:colcon.colcon_core.shell:Skip shell extension 'dsv' for command environment
[2.999s] INFO:colcon.colcon_core.task.python.build:Building Python package in '/home/ubuntu/ros2final_ws/final_robot_pkg'
[3.000s] INFO:colcon.colcon_core.shell:Skip shell extension 'powershell' for command environment: Not usable outside of PowerShell
[3.000s] DEBUG:colcon.colcon_core.shell:Skip shell extension 'dsv' for command environment
[4.709s] DEBUG:colcon.colcon_core.event_handler.log_command:Invoking command in '/home/ubuntu/ros2final_ws/final_robot_pkg': PYTHONPATH=/home/ubuntu/ros2final_ws/build/final_robot_pkg/prefix_override:/usr/lib/python3/dist-packages/colcon_core/task/python/colcon_distutils_commands:/home/ubuntu/ros2final_ws/install/final_robot_pkg/lib/python3.10/site-packages:${PYTHONPATH} /usr/bin/python3 -W ignore:setup.py install is deprecated setup.py egg_info --egg-base ../build/final_robot_pkg build --build-base /home/ubuntu/ros2final_ws/build/final_robot_pkg/build install --record /home/ubuntu/ros2final_ws/build/final_robot_pkg/install.log --single-version-externally-managed install_data
[6.125s] DEBUG:colcon.colcon_core.event_handler.log_command:Invoked command in '/home/ubuntu/ros2final_ws/final_robot_pkg' returned '0': PYTHONPATH=/home/ubuntu/ros2final_ws/build/final_robot_pkg/prefix_override:/usr/lib/python3/dist-packages/colcon_core/task/python/colcon_distutils_commands:/home/ubuntu/ros2final_ws/install/final_robot_pkg/lib/python3.10/site-packages:${PYTHONPATH} /usr/bin/python3 -W ignore:setup.py install is deprecated setup.py egg_info --egg-base ../build/final_robot_pkg build --build-base /home/ubuntu/ros2final_ws/build/final_robot_pkg/build install --record /home/ubuntu/ros2final_ws/build/final_robot_pkg/install.log --single-version-externally-managed install_data
[6.134s] Level 1:colcon.colcon_core.environment:checking '/home/ubuntu/ros2final_ws/install/final_robot_pkg' for CMake module files
[6.136s] Level 1:colcon.colcon_core.environment:checking '/home/ubuntu/ros2final_ws/install/final_robot_pkg' for CMake config files
[6.140s] Level 1:colcon.colcon_core.environment:checking '/home/ubuntu/ros2final_ws/install/final_robot_pkg/lib'
[6.141s] Level 1:colcon.colcon_core.environment:checking '/home/ubuntu/ros2final_ws/install/final_robot_pkg/bin'
[6.142s] Level 1:colcon.colcon_core.environment:checking '/home/ubuntu/ros2final_ws/install/final_robot_pkg/lib/pkgconfig/final_robot_pkg.pc'
[6.142s] Level 1:colcon.colcon_core.environment:checking '/home/ubuntu/ros2final_ws/install/final_robot_pkg/lib/python3.10/site-packages'
[6.143s] Level 1:colcon.colcon_core.shell:create_environment_hook('final_robot_pkg', 'pythonpath')
[6.144s] INFO:colcon.colcon_core.shell:Creating environment hook '/home/ubuntu/ros2final_ws/install/final_robot_pkg/share/final_robot_pkg/hook/pythonpath.ps1'
[6.146s] INFO:colcon.colcon_core.shell:Creating environment descriptor '/home/ubuntu/ros2final_ws/install/final_robot_pkg/share/final_robot_pkg/hook/pythonpath.dsv'
[6.148s] INFO:colcon.colcon_core.shell:Creating environment hook '/home/ubuntu/ros2final_ws/install/final_robot_pkg/share/final_robot_pkg/hook/pythonpath.sh'
[6.151s] Level 1:colcon.colcon_core.environment:checking '/home/ubuntu/ros2final_ws/install/final_robot_pkg/bin'
[6.151s] Level 1:colcon.colcon_core.environment:create_environment_scripts_only(final_robot_pkg)
[6.152s] INFO:colcon.colcon_core.shell:Creating package script '/home/ubuntu/ros2final_ws/install/final_robot_pkg/share/final_robot_pkg/package.ps1'
[6.156s] INFO:colcon.colcon_core.shell:Creating package descriptor '/home/ubuntu/ros2final_ws/install/final_robot_pkg/share/final_robot_pkg/package.dsv'
[6.159s] INFO:colcon.colcon_core.shell:Creating package script '/home/ubuntu/ros2final_ws/install/final_robot_pkg/share/final_robot_pkg/package.sh'
[6.162s] INFO:colcon.colcon_core.shell:Creating package script '/home/ubuntu/ros2final_ws/install/final_robot_pkg/share/final_robot_pkg/package.bash'
[6.165s] INFO:colcon.colcon_core.shell:Creating package script '/home/ubuntu/ros2final_ws/install/final_robot_pkg/share/final_robot_pkg/package.zsh'
[6.168s] Level 1:colcon.colcon_core.environment:create_file_with_runtime_dependencies(/home/ubuntu/ros2final_ws/install/final_robot_pkg/share/colcon-core/packages/final_robot_pkg)
[6.169s] DEBUG:colcon.colcon_parallel_executor.executor.parallel:closing loop
[6.171s] DEBUG:colcon.colcon_parallel_executor.executor.parallel:loop closed
[6.172s] DEBUG:colcon.colcon_parallel_executor.executor.parallel:run_until_complete finished with '0'
[6.172s] DEBUG:colcon.colcon_core.event_reactor:joining thread
[6.191s] INFO:colcon.colcon_core.plugin_system:Skipping extension 'colcon_notification.desktop_notification.notify_send': Could not find 'notify-send'
[6.191s] INFO:colcon.colcon_core.plugin_system:Skipping extension 'colcon_notification.desktop_notification.terminal_notifier': Not used on non-Darwin systems
[6.191s] INFO:colcon.colcon_core.plugin_system:Skipping extension 'colcon_notification.desktop_notification.win32': Not used on non-Windows systems
[6.192s] INFO:colcon.colcon_notification.desktop_notification:Sending desktop notification using 'notify2'
[6.195s] DEBUG:colcon.colcon_notification.desktop_notification.notify2:Failed to initialize notify2: org.freedesktop.DBus.Error.ServiceUnknown: The name org.freedesktop.Notifications was not provided by any .service files
[6.195s] DEBUG:colcon.colcon_core.event_reactor:joined thread
[6.196s] INFO:colcon.colcon_core.shell:Creating prefix script '/home/ubuntu/ros2final_ws/install/local_setup.ps1'
[6.200s] INFO:colcon.colcon_core.shell:Creating prefix util module '/home/ubuntu/ros2final_ws/install/_local_setup_util_ps1.py'
[6.207s] INFO:colcon.colcon_core.shell:Creating prefix chain script '/home/ubuntu/ros2final_ws/install/setup.ps1'
[6.213s] INFO:colcon.colcon_core.shell:Creating prefix script '/home/ubuntu/ros2final_ws/install/local_setup.sh'
[6.216s] INFO:colcon.colcon_core.shell:Creating prefix util module '/home/ubuntu/ros2final_ws/install/_local_setup_util_sh.py'
[6.219s] INFO:colcon.colcon_core.shell:Creating prefix chain script '/home/ubuntu/ros2final_ws/install/setup.sh'
[6.224s] INFO:colcon.colcon_core.shell:Creating prefix script '/home/ubuntu/ros2final_ws/install/local_setup.bash'
[6.226s] INFO:colcon.colcon_core.shell:Creating prefix chain script '/home/ubuntu/ros2final_ws/install/setup.bash'
[6.230s] INFO:colcon.colcon_core.shell:Creating prefix script '/home/ubuntu/ros2final_ws/install/local_setup.zsh'
[6.233s] INFO:colcon.colcon_core.shell:Creating prefix chain script '/home/ubuntu/ros2final_ws/install/setup.zsh'
